#
# There is insufficient memory for the Java Runtime Environment to continue.
# Native memory allocation (malloc) failed to allocate 131088 bytes for Chunk::new
# Possible reasons:
#   The system is out of physical RAM or swap space
#   The process is running with CompressedOops enabled, and the Java Heap may be blocking the growth of the native heap
# Possible solutions:
#   Reduce memory load on the system
#   Increase physical memory or swap space
#   Check if swap backing store is full
#   Decrease Java heap size (-Xmx/-Xms)
#   Decrease number of Java threads
#   Decrease Java thread stack sizes (-Xss)
#   Set larger code cache with -XX:ReservedCodeCacheSize=
#   JVM is running with Unscaled Compressed Oops mode in which the Java heap is
#     placed in the first 4GB address space. The Java Heap base address is the
#     maximum limit for the native heap growth. Please use -XX:HeapBaseMinAddress
#     to set the Java Heap base and to place the Java Heap above 4GB virtual address.
# This output file may be truncated or incomplete.
#
#  Out of Memory Error (allocation.cpp:389), pid=9608, tid=0x0000000000002208
#
# JRE version: Java(TM) SE Runtime Environment (8.0_241-b07) (build 1.8.0_241-b07)
# Java VM: Java HotSpot(TM) 64-Bit Server VM (25.241-b07 mixed mode windows-amd64 compressed oops)
# Failed to write core dump. Minidumps are not enabled by default on client versions of Windows
#

---------------  T H R E A D  ---------------

Current thread (0x000000001a148000):  JavaThread "C2 CompilerThread1" daemon [_thread_in_native, id=8712, stack(0x000000001ae60000,0x000000001af60000)]

Stack: [0x000000001ae60000,0x000000001af60000]
[error occurred during error reporting (printing stack bounds), id 0xc0000005]

Native frames: (J=compiled Java code, j=interpreted, Vv=VM code, C=native code)


Current CompileTask:
C2:  39153 1048 %     4       org.eclipse.jdt.launching.internal.org.objectweb.asm.ClassReader::readCode @ 2165 (5071 bytes)


---------------  P R O C E S S  ---------------

Java Threads: ( => current thread )
  0x000000001b50b800 JavaThread "mysql-cj-abandoned-connection-cleanup" daemon [_thread_blocked, id=17208, stack(0x000000001bb60000,0x000000001bc60000)]
  0x000000001a0f4800 JavaThread "Service Thread" daemon [_thread_blocked, id=13800, stack(0x000000001b160000,0x000000001b260000)]
  0x000000001a04e000 JavaThread "C1 CompilerThread3" daemon [_thread_blocked, id=11872, stack(0x000000001b060000,0x000000001b160000)]
  0x000000001a04d000 JavaThread "C2 CompilerThread2" daemon [_thread_blocked, id=2512, stack(0x000000001af60000,0x000000001b060000)]
=>0x000000001a148000 JavaThread "C2 CompilerThread1" daemon [_thread_in_native, id=8712, stack(0x000000001ae60000,0x000000001af60000)]
  0x000000001a13d000 JavaThread "C2 CompilerThread0" daemon [_thread_blocked, id=18580, stack(0x000000001ad60000,0x000000001ae60000)]
  0x0000000019f54800 JavaThread "JDWP Command Reader" daemon [_thread_in_native, id=19916, stack(0x000000001ac60000,0x000000001ad60000)]
  0x0000000019f4f000 JavaThread "JDWP Event Helper Thread" daemon [_thread_blocked, id=2960, stack(0x000000001ab60000,0x000000001ac60000)]
  0x0000000019f41800 JavaThread "JDWP Transport Listener: dt_socket" daemon [_thread_blocked, id=17360, stack(0x000000001aa60000,0x000000001ab60000)]
  0x0000000019f3a800 JavaThread "Attach Listener" daemon [_thread_blocked, id=2444, stack(0x000000001a620000,0x000000001a720000)]
  0x0000000019f39800 JavaThread "Signal Dispatcher" daemon [_thread_blocked, id=19312, stack(0x000000001a520000,0x000000001a620000)]
  0x0000000019f30800 JavaThread "Finalizer" daemon [_thread_blocked, id=6304, stack(0x000000001a310000,0x000000001a410000)]
  0x0000000003128800 JavaThread "Reference Handler" daemon [_thread_blocked, id=6656, stack(0x0000000019e10000,0x0000000019f10000)]
  0x0000000003033800 JavaThread "main" [_thread_in_vm, id=15636, stack(0x0000000002d70000,0x0000000002e70000)]

Other Threads:
  0x000000001803a000 VMThread [stack: 0x0000000019d10000,0x0000000019e10000] [id=19180]
  0x000000001a10d800 WatcherThread [stack: 0x000000001b260000,0x000000001b360000] [id=18596]

VM state:synchronizing (normal execution)

VM Mutex/Monitor currently owned by a thread:  ([mutex/lock_event])
[0x0000000003030bd0] Safepoint_lock - owner thread: 0x000000001803a000
[0x00000000030302d0] Threads_lock - owner thread: 0x000000001803a000

heap address: 0x0000000082400000, size: 2012 MB, Compressed Oops mode: 32-bit
Narrow klass base: 0x0000000000000000, Narrow klass shift: 3
Compressed class space size: 1073741824 Address: 0x0000000100000000

Heap:
 PSYoungGen      total 37888K, used 15322K [0x00000000d6180000, 0x00000000dab80000, 0x0000000100000000)
  eden space 32768K, 35% used [0x00000000d6180000,0x00000000d6cdd2c0,0x00000000d8180000)
  from space 5120K, 71% used [0x00000000d8180000,0x00000000d85198b0,0x00000000d8680000)
  to   space 5120K, 0% used [0x00000000da680000,0x00000000da680000,0x00000000dab80000)
 ParOldGen       total 86016K, used 8K [0x0000000082400000, 0x0000000087800000, 0x00000000d6180000)
  object space 86016K, 0% used [0x0000000082400000,0x0000000082402000,0x0000000087800000)
 Metaspace       used 11276K, capacity 11566K, committed 11648K, reserved 1058816K
  class space    used 1229K, capacity 1357K, committed 1408K, reserved 1048576K

Card table byte_map: [0x00000000124f0000,0x00000000128e0000] byte_map_base: 0x00000000120de000

Marking Bits: (ParMarkBitMap*) 0x000000005ce6be30
 Begin Bits: [0x0000000013380000, 0x00000000152f0000)
 End Bits:   [0x00000000152f0000, 0x0000000017260000)

Polling page: 0x00000000013d0000

CodeCache: size=245760Kb used=4822Kb max_used=4834Kb free=240937Kb
 bounds [0x0000000003130000, 0x00000000035f0000, 0x0000000012130000]
 total_blobs=1502 nmethods=1128 adapters=295
 compilation: enabled

Compilation events (10 events):
Event: 37.092 Thread 0x000000001a04d000 nmethod 1100 0x00000000035e1350 code [0x00000000035e14c0, 0x00000000035e1e78]
Event: 37.092 Thread 0x000000001a04d000 1126       4       sun.security.util.DerInputStream::available (8 bytes)
Event: 37.092 Thread 0x000000001a04e000 nmethod 1128 0x00000000035e3a50 code [0x00000000035e3be0, 0x00000000035e3fa8]
Event: 37.092 Thread 0x000000001a04e000 1125       3       sun.security.x509.Extension::<init> (20 bytes)
Event: 37.092 Thread 0x000000001a04e000 nmethod 1125 0x00000000035e3690 code [0x00000000035e37e0, 0x00000000035e39b0]
Event: 37.092 Thread 0x000000001a04e000 1129       3       java.math.BigInteger::compareTo (71 bytes)
Event: 37.093 Thread 0x000000001a04e000 nmethod 1129 0x00000000035e3050 code [0x00000000035e31e0, 0x00000000035e3598]
Event: 37.094 Thread 0x000000001a04d000 nmethod 1126 0x00000000035e8a10 code [0x00000000035e8b60, 0x00000000035e8db8]
Event: 37.095 Thread 0x000000001a13d000 nmethod 1122 0x00000000035e8290 code [0x00000000035e83e0, 0x00000000035e8738]
Event: 37.155 Thread 0x000000001a04d000 1130       4       sun.security.util.Cache$EqualByteArray::hashCode (57 bytes)

GC Heap History (2 events):
Event: 23.347 GC heap before
{Heap before GC invocations=1 (full 0):
 PSYoungGen      total 37888K, used 32768K [0x00000000d6180000, 0x00000000d8b80000, 0x0000000100000000)
  eden space 32768K, 100% used [0x00000000d6180000,0x00000000d8180000,0x00000000d8180000)
  from space 5120K, 0% used [0x00000000d8680000,0x00000000d8680000,0x00000000d8b80000)
  to   space 5120K, 0% used [0x00000000d8180000,0x00000000d8180000,0x00000000d8680000)
 ParOldGen       total 86016K, used 0K [0x0000000082400000, 0x0000000087800000, 0x00000000d6180000)
  object space 86016K, 0% used [0x0000000082400000,0x0000000082400000,0x0000000087800000)
 Metaspace       used 9753K, capacity 10010K, committed 10112K, reserved 1058816K
  class space    used 1055K, capacity 1143K, committed 1152K, reserved 1048576K
Event: 23.631 GC heap after
Heap after GC invocations=1 (full 0):
 PSYoungGen      total 37888K, used 3686K [0x00000000d6180000, 0x00000000dab80000, 0x0000000100000000)
  eden space 32768K, 0% used [0x00000000d6180000,0x00000000d6180000,0x00000000d8180000)
  from space 5120K, 71% used [0x00000000d8180000,0x00000000d85198b0,0x00000000d8680000)
  to   space 5120K, 0% used [0x00000000da680000,0x00000000da680000,0x00000000dab80000)
 ParOldGen       total 86016K, used 8K [0x0000000082400000, 0x0000000087800000, 0x00000000d6180000)
  object space 86016K, 0% used [0x0000000082400000,0x0000000082402000,0x0000000087800000)
 Metaspace       used 9753K, capacity 10010K, committed 10112K, reserved 1058816K
  class space    used 1055K, capacity 1143K, committed 1152K, reserved 1048576K
}

Deoptimization events (8 events):
Event: 22.759 Thread 0x0000000003033800 Uncommon trap: reason=class_check action=maybe_recompile pc=0x000000000339c5e0 method=java.util.Properties$LineReader.readLine()I @ 62
Event: 22.763 Thread 0x0000000003033800 Uncommon trap: reason=unstable_if action=reinterpret pc=0x000000000339c5ac method=java.util.Properties$LineReader.readLine()I @ 377
Event: 23.784 Thread 0x0000000003033800 Uncommon trap: reason=unstable_if action=reinterpret pc=0x00000000033994f4 method=java.util.Properties$LineReader.readLine()I @ 174
Event: 23.785 Thread 0x0000000003033800 Uncommon trap: reason=unstable_if action=reinterpret pc=0x000000000339b5d4 method=java.util.Properties.loadConvert([CII[C)Ljava/lang/String; @ 4
Event: 23.857 Thread 0x0000000003033800 Uncommon trap: reason=unstable_if action=reinterpret pc=0x0000000003441504 method=sun.misc.MetaIndex.mayContain(Ljava/lang/String;)Z @ 38
Event: 23.878 Thread 0x0000000003033800 Uncommon trap: reason=unstable_if action=reinterpret pc=0x000000000341ea24 method=sun.misc.MetaIndex.mayContain(Ljava/lang/String;)Z @ 38
Event: 24.052 Thread 0x0000000003033800 Uncommon trap: reason=unstable_if action=reinterpret pc=0x00000000034f3fcc method=java.util.regex.ASCII.isType(II)Z @ 6
Event: 36.605 Thread 0x0000000003033800 Uncommon trap: reason=unstable_if action=reinterpret pc=0x0000000003517100 method=java.math.BigInteger.addOne([IIII)I @ 55

Classes redefined (0 events):
No events

Internal exceptions (8 events):
Event: 2.967 Thread 0x0000000003033800 Exception <a 'java/lang/NoSuchMethodError': Method sun.misc.Unsafe.defineClass(Ljava/lang/String;[BII)Ljava/lang/Class; name or signature does not match> (0x00000000d6187cc0) thrown at [C:\ade\jenkins\workspace\8-2-build-windows-amd64-cygwin\jdk8u241\331\
Event: 2.967 Thread 0x0000000003033800 Exception <a 'java/lang/NoSuchMethodError': Method sun.misc.Unsafe.prefetchRead(Ljava/lang/Object;J)V name or signature does not match> (0x00000000d6187fa8) thrown at [C:\ade\jenkins\workspace\8-2-build-windows-amd64-cygwin\jdk8u241\331\hotspot\src\share\
Event: 18.923 Thread 0x0000000003033800 Exception <a 'java/security/PrivilegedActionException'> (0x00000000d678bb40) thrown at [C:\ade\jenkins\workspace\8-2-build-windows-amd64-cygwin\jdk8u241\331\hotspot\src\share\vm\prims\jvm.cpp, line 1502]
Event: 18.923 Thread 0x0000000003033800 Exception <a 'java/security/PrivilegedActionException'> (0x00000000d678bf38) thrown at [C:\ade\jenkins\workspace\8-2-build-windows-amd64-cygwin\jdk8u241\331\hotspot\src\share\vm\prims\jvm.cpp, line 1502]
Event: 18.924 Thread 0x0000000003033800 Exception <a 'java/security/PrivilegedActionException'> (0x00000000d678fd90) thrown at [C:\ade\jenkins\workspace\8-2-build-windows-amd64-cygwin\jdk8u241\331\hotspot\src\share\vm\prims\jvm.cpp, line 1502]
Event: 18.925 Thread 0x0000000003033800 Exception <a 'java/security/PrivilegedActionException'> (0x00000000d6790188) thrown at [C:\ade\jenkins\workspace\8-2-build-windows-amd64-cygwin\jdk8u241\331\hotspot\src\share\vm\prims\jvm.cpp, line 1502]
Event: 19.740 Thread 0x0000000003033800 Exception <a 'java/lang/NoSuchFieldError': method resolution failed> (0x00000000d696b6c8) thrown at [C:\ade\jenkins\workspace\8-2-build-windows-amd64-cygwin\jdk8u241\331\hotspot\src\share\vm\prims\methodHandles.cpp, line 1167]
Event: 20.050 Thread 0x0000000003033800 Exception <a 'java/lang/NoSuchFieldError': method resolution failed> (0x00000000d69795c8) thrown at [C:\ade\jenkins\workspace\8-2-build-windows-amd64-cygwin\jdk8u241\331\hotspot\src\share\vm\prims\methodHandles.cpp, line 1167]

Events (10 events):
Event: 36.811 loading class java/security/interfaces/ECPublicKey done
Event: 36.812 loading class sun/security/util/ECUtil
Event: 36.812 loading class sun/security/util/ECUtil done
Event: 37.079 loading class sun/security/x509/IssuerAlternativeNameExtension
Event: 37.079 loading class sun/security/x509/IssuerAlternativeNameExtension done
Event: 37.090 loading class sun/security/x509/PolicyMappingsExtension
Event: 37.090 loading class sun/security/x509/PolicyMappingsExtension done
Event: 37.090 loading class sun/security/x509/CertificatePolicyMap
Event: 37.090 loading class sun/security/x509/CertificatePolicyMap done
Event: 37.157 Thread 0x0000000003033800 DEOPT PACKING pc=0x00000000035d7656 sp=0x0000000002e6af30


Dynamic libraries:
0x00007ff6c0050000 - 0x00007ff6c0087000 	C:\Program Files\Java\jre1.8.0_241\bin\javaw.exe
0x00007ffcf7a20000 - 0x00007ffcf7c89000 	C:\WINDOWS\SYSTEM32\ntdll.dll
0x00007ffcf65e0000 - 0x00007ffcf66a9000 	C:\WINDOWS\System32\KERNEL32.DLL
0x00007ffcf4f30000 - 0x00007ffcf5323000 	C:\WINDOWS\System32\KERNELBASE.dll
0x00007ffcf7920000 - 0x00007ffcf79d4000 	C:\WINDOWS\System32\ADVAPI32.dll
0x00007ffcf66b0000 - 0x00007ffcf6759000 	C:\WINDOWS\System32\msvcrt.dll
0x00007ffcf69b0000 - 0x00007ffcf6a56000 	C:\WINDOWS\System32\sechost.dll
0x00007ffcf59d0000 - 0x00007ffcf5ae8000 	C:\WINDOWS\System32\RPCRT4.dll
0x00007ffcf6400000 - 0x00007ffcf65c4000 	C:\WINDOWS\System32\USER32.dll
0x00007ffcf4dd0000 - 0x00007ffcf4df7000 	C:\WINDOWS\System32\win32u.dll
0x00007ffcf7190000 - 0x00007ffcf71bb000 	C:\WINDOWS\System32\GDI32.dll
0x00007ffcf4e00000 - 0x00007ffcf4f2d000 	C:\WINDOWS\System32\gdi32full.dll
0x00007ffcf4bb0000 - 0x00007ffcf4c53000 	C:\WINDOWS\System32\msvcp_win.dll
0x00007ffcf5330000 - 0x00007ffcf547b000 	C:\WINDOWS\System32\ucrtbase.dll
0x00007ffce3990000 - 0x00007ffce3c23000 	C:\WINDOWS\WinSxS\amd64_microsoft.windows.common-controls_6595b64144ccf1df_6.0.26100.5074_none_3e0d6f78e32fd63f\COMCTL32.dll
0x00007ffcf6220000 - 0x00007ffcf624f000 	C:\WINDOWS\System32\IMM32.DLL
0x000000005c560000 - 0x000000005c632000 	C:\Program Files\Java\jre1.8.0_241\bin\msvcr100.dll
0x000000005c640000 - 0x000000005ceec000 	C:\Program Files\Java\jre1.8.0_241\bin\server\jvm.dll
0x00007ffcf5cf0000 - 0x00007ffcf5cf8000 	C:\WINDOWS\System32\PSAPI.DLL
0x00007ffce5220000 - 0x00007ffce5255000 	C:\WINDOWS\SYSTEM32\WINMM.dll
0x00007ffcc9960000 - 0x00007ffcc996a000 	C:\WINDOWS\SYSTEM32\WSOCK32.dll
0x00007ffcecf50000 - 0x00007ffcecf5b000 	C:\WINDOWS\SYSTEM32\VERSION.dll
0x00007ffcf6ec0000 - 0x00007ffcf6f34000 	C:\WINDOWS\System32\WS2_32.dll
0x00007ffcefd40000 - 0x00007ffcefd4f000 	C:\Program Files\Java\jre1.8.0_241\bin\verify.dll
0x00007ffcd8210000 - 0x00007ffcd8239000 	C:\Program Files\Java\jre1.8.0_241\bin\java.dll
0x00007ffcc4580000 - 0x00007ffcc45b5000 	C:\Program Files\Java\jre1.8.0_241\bin\jdwp.dll
0x00007ffcefdd0000 - 0x00007ffcefdd8000 	C:\Program Files\Java\jre1.8.0_241\bin\npt.dll
0x00007ffcc4390000 - 0x00007ffcc43b3000 	C:\Program Files\Java\jre1.8.0_241\bin\instrument.dll
0x00007ffcdf070000 - 0x00007ffcdf086000 	C:\Program Files\Java\jre1.8.0_241\bin\zip.dll
0x00007ffcf71c0000 - 0x00007ffcf790d000 	C:\WINDOWS\System32\SHELL32.dll
0x00007ffcf4c60000 - 0x00007ffcf4dcc000 	C:\WINDOWS\System32\wintypes.dll
0x00007ffcf6b40000 - 0x00007ffcf6ebb000 	C:\WINDOWS\System32\combase.dll
0x00007ffcf2850000 - 0x00007ffcf30a9000 	C:\WINDOWS\SYSTEM32\windows.storage.dll
0x00007ffcf5bf0000 - 0x00007ffcf5ce0000 	C:\WINDOWS\System32\SHCORE.dll
0x00007ffcf7120000 - 0x00007ffcf7182000 	C:\WINDOWS\System32\shlwapi.dll
0x00007ffcf4ad0000 - 0x00007ffcf4af9000 	C:\WINDOWS\SYSTEM32\profapi.dll
0x00007ffce3e80000 - 0x00007ffce3e89000 	C:\Program Files\Java\jre1.8.0_241\bin\dt_socket.dll
0x00007ffcda140000 - 0x00007ffcda158000 	C:\WINDOWS\system32\napinsp.dll
0x00007ffcf3f10000 - 0x00007ffcf3f7b000 	C:\WINDOWS\System32\mswsock.dll
0x00007ffcf3440000 - 0x00007ffcf3566000 	C:\WINDOWS\SYSTEM32\DNSAPI.dll
0x00007ffcf33b0000 - 0x00007ffcf33e4000 	C:\WINDOWS\SYSTEM32\IPHLPAPI.DLL
0x00007ffcf65d0000 - 0x00007ffcf65da000 	C:\WINDOWS\System32\NSI.dll
0x00007ffcd91d0000 - 0x00007ffcd91e2000 	C:\WINDOWS\System32\winrnr.dll
0x00007ffcd91a0000 - 0x00007ffcd91c8000 	C:\WINDOWS\system32\nlansp_c.dll
0x00007ffcd9180000 - 0x00007ffcd9196000 	C:\WINDOWS\system32\wshbth.dll
0x00007ffcecec0000 - 0x00007ffcecf46000 	C:\WINDOWS\System32\fwpuclnt.dll
0x00007ffce87f0000 - 0x00007ffce87fb000 	C:\Windows\System32\rasadhlp.dll
0x00007ffcd81f0000 - 0x00007ffcd820a000 	C:\Program Files\Java\jre1.8.0_241\bin\net.dll
0x00007ffcd80a0000 - 0x00007ffcd80c4000 	C:\Program Files\Java\jre1.8.0_241\bin\sunec.dll
0x00007ffced4b0000 - 0x00007ffced4ce000 	C:\WINDOWS\SYSTEM32\dhcpcsvc6.DLL
0x00007ffced480000 - 0x00007ffced4a3000 	C:\WINDOWS\SYSTEM32\dhcpcsvc.DLL
0x00007ffcd81d0000 - 0x00007ffcd81e2000 	C:\Program Files\Java\jre1.8.0_241\bin\nio.dll

VM Arguments:
jvm_args: -agentlib:jdwp=transport=dt_socket,suspend=y,address=localhost:57898 -javaagent:D:\eclipse-jee-photon-R-win32-x86_64\eclipse\configuration\org.eclipse.osgi\418\0\.cp\lib\javaagent-shaded.jar -Dfile.encoding=Cp1252 
java_command: com.velocity.quizmaster.editquestion.EditQuestion
java_class_path (initial): C:\Program Files\Java\jre1.8.0_241\lib\resources.jar;C:\Program Files\Java\jre1.8.0_241\lib\rt.jar;C:\Program Files\Java\jre1.8.0_241\lib\jsse.jar;C:\Program Files\Java\jre1.8.0_241\lib\jce.jar;C:\Program Files\Java\jre1.8.0_241\lib\charsets.jar;C:\Program Files\Java\jre1.8.0_241\lib\jfr.jar;C:\Program Files\Java\jre1.8.0_241\lib\ext\access-bridge-64.jar;C:\Program Files\Java\jre1.8.0_241\lib\ext\cldrdata.jar;C:\Program Files\Java\jre1.8.0_241\lib\ext\dnsns.jar;C:\Program Files\Java\jre1.8.0_241\lib\ext\jaccess.jar;C:\Program Files\Java\jre1.8.0_241\lib\ext\jfxrt.jar;C:\Program Files\Java\jre1.8.0_241\lib\ext\localedata.jar;C:\Program Files\Java\jre1.8.0_241\lib\ext\nashorn.jar;C:\Program Files\Java\jre1.8.0_241\lib\ext\sunec.jar;C:\Program Files\Java\jre1.8.0_241\lib\ext\sunjce_provider.jar;C:\Program Files\Java\jre1.8.0_241\lib\ext\sunmscapi.jar;C:\Program Files\Java\jre1.8.0_241\lib\ext\sunpkcs11.jar;C:\Program Files\Java\jre1.8.0_241\lib\ext\zipfs.jar;D:\QuizMaster\QuizMasterProject\bin;C:\Users\viraj\Downloads\mysql-connector-j-9.3.0.jar;D:\eclipse-jee-photon-R-win32-x86_64\eclipse\configuration\org.eclipse.osgi\418\0\.cp\lib\javaagent-shaded.jar
Launcher Type: SUN_STANDARD

Environment Variables:
JAVA_HOME=C:\Program Files\Java\jdk-21
JRE_HOME="C:\Users\viraj\Downloads\jdk-8u241-windows-x64.exe"
PATH=C:/Program Files/Java/jre1.8.0_241/bin/server;C:/Program Files/Java/jre1.8.0_241/bin;C:/Program Files/Java/jre1.8.0_241/lib/amd64;C:\Program Files (x86)\Common Files\Oracle\Java\javapath;C:\Program Files\Common Files\Oracle\Java\javapath;E:\python37\Scripts\;E:\python37\;C:\WINDOWS\system32;C:\WINDOWS;C:\WINDOWS\System32\Wbem;C:\WINDOWS\System32\WindowsPowerShell\v1.0\;C:\WINDOWS\System32\OpenSSH\;C:\MinGW\bin;C:\Program Files\MySQL\MySQL Server 8.0\bin;C:\Program Files\Java\jdk-21\bin;C:\Program Files\nodejs\;C:\Program Files\Git\cmd;C:\Program Files\Git\mingw64\bin;C:\Program Files\Git\usr\bin;C:\Program Files\Cloud Foundry;C:\Program Files\apache-maven-3.9.11-bin\apache-maven-3.9.11\bin;C:\Program Files\MySQL\MySQL Shell 8.0\bin\;C:\Users\viraj\AppData\Local\Microsoft\WindowsApps;C:\Users\viraj\AppData\Local\GitHubDesktop\bin;C:\Users\viraj\AppData\Roaming\npm;D:\Microsoft VS Code\bin;;D:\eclipse-jee-photon-R-win32-x86_64\eclipse;
USERNAME=viraj
OS=Windows_NT
PROCESSOR_IDENTIFIER=Intel64 Family 6 Model 142 Stepping 11, GenuineIntel



---------------  S Y S T E M  ---------------

OS: Windows 10.0 , 64 bit Build 26100 (10.0.26100.5074)

CPU:total 8 (initial active 8) (4 cores per cpu, 2 threads per core) family 6 model 142 stepping 11, cmov, cx8, fxsr, mmx, sse, sse2, sse3, ssse3, sse4.1, sse4.2, popcnt, avx, avx2, aes, clmul, erms, 3dnowpref, lzcnt, ht, tsc, tscinvbit, bmi1, bmi2, adx

Memory: 4k page, physical 8236232k(916048k free), swap 33402056k(120628k free)

vm_info: Java HotSpot(TM) 64-Bit Server VM (25.241-b07) for windows-amd64 JRE (1.8.0_241-b07), built on Dec 11 2019 10:21:40 by "rejava" with MS VC++ 10.0 (VS2010)

time: Wed Sep 17 18:45:26 2025
timezone: India Standard Time
elapsed time: 39 seconds (0d 0h 0m 39s)

